[INFO] Scanning for projects...
[INFO] 
[INFO] ---------------------< com.wallet:wallet-service >----------------------
[INFO] Building wallet-service 1.0.0-SNAPSHOT
[INFO]   from pom.xml
[INFO] --------------------------------[ jar ]---------------------------------
[INFO] 
[INFO] --- quarkus:3.8.1:dev (default-cli) @ wallet-service ---
[INFO] Invoking avro:1.11.3:schema (default) @ wallet-service
[INFO] Invoking resources:3.3.1:resources (default-resources) @ wallet-service
[INFO] Copying 7 resources from src/main/resources to target/classes
[INFO] Invoking quarkus:3.8.1:generate-code (default) @ wallet-service
[INFO] Invoking compiler:3.11.0:compile (default-compile) @ wallet-service
[INFO] Nothing to compile - all classes are up to date
[INFO] Invoking resources:3.3.1:testResources (default-testResources) @ wallet-service
[INFO] Copying 3 resources from src/test/resources to target/test-classes
[INFO] Invoking quarkus:3.8.1:generate-code-tests (default) @ wallet-service
[INFO] Invoking compiler:3.11.0:testCompile (default-testCompile) @ wallet-service
[INFO] Nothing to compile - all classes are up to date
Exception in thread "Aesh InputStream Reader" java.io.IOError: java.io.IOException: Error executing 'stty -a': stty: stdin isn't a terminal

	at org.aesh.readline.terminal.impl.AbstractPosixTerminal.setAttributes(AbstractPosixTerminal.java:56)
	at org.aesh.readline.tty.terminal.TerminalConnection.close(TerminalConnection.java:354)
	at org.aesh.readline.tty.terminal.TerminalConnection.openBlocking(TerminalConnection.java:236)
	at org.aesh.readline.tty.terminal.TerminalConnection.openBlocking(TerminalConnection.java:203)
	at java.base/java.util.concurrent.ThreadPoolExecutor.runWorker(ThreadPoolExecutor.java:1144)
	at java.base/java.util.concurrent.ThreadPoolExecutor$Worker.run(ThreadPoolExecutor.java:642)
	at java.base/java.lang.Thread.run(Thread.java:1583)
Caused by: java.io.IOException: Error executing 'stty -a': stty: stdin isn't a terminal

	at org.aesh.readline.terminal.impl.ExecPty.exec(ExecPty.java:460)
	at org.aesh.readline.terminal.impl.ExecPty.doGetConfig(ExecPty.java:247)
	at org.aesh.readline.terminal.impl.ExecPty.getAttr(ExecPty.java:131)
	at org.aesh.readline.terminal.impl.ExecPty.setAttr(ExecPty.java:153)
	at org.aesh.readline.terminal.impl.AbstractPosixTerminal.setAttributes(AbstractPosixTerminal.java:54)
	... 6 more
